<?xml version="1.0" encoding="UTF-8" standalone="no"?>
<!DOCTYPE log SYSTEM "logger.dtd">
<log>
<record>
  <date>2021-03-18T15:36:40</date>
  <millis>1616053000423</millis>
  <sequence>0</sequence>
  <logger>org.ipman</logger>
  <level>INFO</level>
  <class>org.ipman.web.projects.user.logging.UserWebLoggingConfiguration</class>
  <method>main</method>
  <thread>1</thread>
  <message>Hello, World</message>
</record>
<record>
  <date>2021-03-18T15:36:40</date>
  <millis>1616053000495</millis>
  <sequence>1</sequence>
  <logger>org.ipman</logger>
  <level>WARNING</level>
  <class>org.ipman.web.projects.user.logging.UserWebLoggingConfiguration</class>
  <method>main</method>
  <thread>1</thread>
  <message>2021</message>
</record>
</log>
